<?xml version="1.0" encoding="UTF-8"?>
<testsuites name="jest tests" tests="2" failures="0" errors="0" time="0.87">
  <testsuite name="c-hello-world-harness" errors="0" failures="0" skipped="0" timestamp="2023-02-10T16:16:47" time="0.233" tests="1">
    <testcase classname="c-hello-world-harness Validate lwc main element" name="c-hello-world-harness Validate lwc main element" time="0.007">
    </testcase>
  </testsuite>
  <testsuite name="c-hello-world-harness" errors="0" failures="0" skipped="0" timestamp="2023-02-10T16:16:47" time="0.139" tests="1">
    <testcase classname="c-hello-world-harness Salesforce Function Test" name="c-hello-world-harness Salesforce Function Test" time="0.008">
    </testcase>
  </testsuite>
</testsuites>