<?xml version="1.0" encoding="UTF-8"?>
<testsuites name="jest tests" tests="1" failures="0" errors="0" time="0.691">
  <testsuite name="c-hello-world-harness" errors="0" failures="0" skipped="0" timestamp="2023-02-10T13:19:07" time="0.219" tests="1">
    <testcase classname="c-hello-world-harness TODO: test case generated by CLI command, please fill in test logic" name="c-hello-world-harness TODO: test case generated by CLI command, please fill in test logic" time="0.007">
    </testcase>
  </testsuite>
</testsuites>